{"C:\\Users\\Thibault\\Desktop\\tp-bdd-tdd\\app.js":{"path":"C:\\Users\\Thibault\\Desktop\\tp-bdd-tdd\\app.js","s":{"1":1,"2":1,"3":1,"4":1,"5":1,"6":1,"7":1,"8":0,"9":0,"10":1},"b":{"1":[0,1]},"f":{"1":0},"fnMap":{"1":{"name":"(anonymous_1)","line":11,"loc":{"start":{"line":11,"column":21},"end":{"line":11,"column":31}}}},"statementMap":{"1":{"start":{"line":1,"column":0},"end":{"line":1,"column":34}},"2":{"start":{"line":2,"column":0},"end":{"line":2,"column":21}},"3":{"start":{"line":3,"column":0},"end":{"line":3,"column":41}},"4":{"start":{"line":4,"column":0},"end":{"line":4,"column":63}},"5":{"start":{"line":6,"column":0},"end":{"line":6,"column":26}},"6":{"start":{"line":8,"column":0},"end":{"line":8,"column":36}},"7":{"start":{"line":10,"column":0},"end":{"line":14,"column":1}},"8":{"start":{"line":11,"column":4},"end":{"line":13,"column":6}},"9":{"start":{"line":12,"column":8},"end":{"line":12,"column":33}},"10":{"start":{"line":17,"column":0},"end":{"line":17,"column":20}}},"branchMap":{"1":{"line":10,"type":"if","locations":[{"start":{"line":10,"column":0},"end":{"line":10,"column":0}},{"start":{"line":10,"column":0},"end":{"line":10,"column":0}}]}}},"C:\\Users\\Thibault\\Desktop\\tp-bdd-tdd\\routes\\course-list-routes.js":{"path":"C:\\Users\\Thibault\\Desktop\\tp-bdd-tdd\\routes\\course-list-routes.js","s":{"1":1,"2":1,"3":1,"4":1,"5":1,"6":1,"7":1,"8":2,"9":1,"10":0,"11":0,"12":1,"13":1,"14":1,"15":1,"16":1,"17":1,"18":1,"19":1,"20":1,"21":1,"22":1,"23":1,"24":1,"25":1,"26":1,"27":1,"28":1},"b":{"1":[0,0],"2":[1,0],"3":[1,0],"4":[1,0]},"f":{"1":1,"2":2,"3":1,"4":1,"5":1,"6":1},"fnMap":{"1":{"name":"(anonymous_1)","line":7,"loc":{"start":{"line":7,"column":10},"end":{"line":7,"column":28}}},"2":{"name":"(anonymous_2)","line":11,"loc":{"start":{"line":11,"column":9},"end":{"line":11,"column":27}}},"3":{"name":"(anonymous_3)","line":14,"loc":{"start":{"line":14,"column":12},"end":{"line":14,"column":30}}},"4":{"name":"(anonymous_4)","line":24,"loc":{"start":{"line":24,"column":9},"end":{"line":24,"column":27}}},"5":{"name":"(anonymous_5)","line":32,"loc":{"start":{"line":32,"column":10},"end":{"line":32,"column":28}}},"6":{"name":"(anonymous_6)","line":43,"loc":{"start":{"line":43,"column":10},"end":{"line":43,"column":28}}}},"statementMap":{"1":{"start":{"line":1,"column":0},"end":{"line":1,"column":34}},"2":{"start":{"line":2,"column":0},"end":{"line":2,"column":34}},"3":{"start":{"line":3,"column":0},"end":{"line":3,"column":41}},"4":{"start":{"line":4,"column":0},"end":{"line":4,"column":37}},"5":{"start":{"line":6,"column":0},"end":{"line":21,"column":6}},"6":{"start":{"line":8,"column":8},"end":{"line":8,"column":25}},"7":{"start":{"line":9,"column":8},"end":{"line":9,"column":21}},"8":{"start":{"line":12,"column":8},"end":{"line":12,"column":20}},"9":{"start":{"line":15,"column":8},"end":{"line":19,"column":9}},"10":{"start":{"line":16,"column":12},"end":{"line":18,"column":13}},"11":{"start":{"line":17,"column":16},"end":{"line":17,"column":32}},"12":{"start":{"line":20,"column":8},"end":{"line":20,"column":20}},"13":{"start":{"line":23,"column":0},"end":{"line":40,"column":6}},"14":{"start":{"line":25,"column":8},"end":{"line":29,"column":9}},"15":{"start":{"line":26,"column":12},"end":{"line":28,"column":13}},"16":{"start":{"line":27,"column":16},"end":{"line":27,"column":40}},"17":{"start":{"line":33,"column":8},"end":{"line":39,"column":9}},"18":{"start":{"line":34,"column":12},"end":{"line":38,"column":13}},"19":{"start":{"line":35,"column":16},"end":{"line":35,"column":45}},"20":{"start":{"line":36,"column":16},"end":{"line":36,"column":43}},"21":{"start":{"line":37,"column":16},"end":{"line":37,"column":38}},"22":{"start":{"line":42,"column":0},"end":{"line":51,"column":6}},"23":{"start":{"line":44,"column":8},"end":{"line":50,"column":9}},"24":{"start":{"line":45,"column":12},"end":{"line":49,"column":13}},"25":{"start":{"line":46,"column":16},"end":{"line":46,"column":45}},"26":{"start":{"line":47,"column":16},"end":{"line":47,"column":78}},"27":{"start":{"line":48,"column":16},"end":{"line":48,"column":38}},"28":{"start":{"line":53,"column":0},"end":{"line":53,"column":33}}},"branchMap":{"1":{"line":16,"type":"if","locations":[{"start":{"line":16,"column":12},"end":{"line":16,"column":12}},{"start":{"line":16,"column":12},"end":{"line":16,"column":12}}]},"2":{"line":26,"type":"if","locations":[{"start":{"line":26,"column":12},"end":{"line":26,"column":12}},{"start":{"line":26,"column":12},"end":{"line":26,"column":12}}]},"3":{"line":34,"type":"if","locations":[{"start":{"line":34,"column":12},"end":{"line":34,"column":12}},{"start":{"line":34,"column":12},"end":{"line":34,"column":12}}]},"4":{"line":45,"type":"if","locations":[{"start":{"line":45,"column":12},"end":{"line":45,"column":12}},{"start":{"line":45,"column":12},"end":{"line":45,"column":12}}]}}}}