TN:
SF:C:\Users\Thibault\Desktop\tp-bdd-tdd\app.js
FN:11,(anonymous_1)
FNF:1
FNH:0
FNDA:0,(anonymous_1)
DA:1,1
DA:2,1
DA:3,1
DA:4,1
DA:6,1
DA:8,1
DA:10,1
DA:11,0
DA:12,0
DA:17,1
LF:10
LH:8
BRDA:10,1,0,0
BRDA:10,1,1,1
BRF:2
BRH:1
end_of_record
TN:
SF:C:\Users\Thibault\Desktop\tp-bdd-tdd\routes\course-list-routes.js
FN:7,(anonymous_1)
FN:11,(anonymous_2)
FN:14,(anonymous_3)
FN:24,(anonymous_4)
FN:32,(anonymous_5)
FN:43,(anonymous_6)
FNF:6
FNH:6
FNDA:1,(anonymous_1)
FNDA:2,(anonymous_2)
FNDA:1,(anonymous_3)
FNDA:1,(anonymous_4)
FNDA:1,(anonymous_5)
FNDA:1,(anonymous_6)
DA:1,1
DA:2,1
DA:3,1
DA:4,1
DA:6,1
DA:8,1
DA:9,1
DA:12,2
DA:15,1
DA:16,0
DA:17,0
DA:20,1
DA:23,1
DA:25,1
DA:26,1
DA:27,1
DA:33,1
DA:34,1
DA:35,1
DA:36,1
DA:37,1
DA:42,1
DA:44,1
DA:45,1
DA:46,1
DA:47,1
DA:48,1
DA:53,1
LF:28
LH:26
BRDA:16,1,0,0
BRDA:16,1,1,0
BRDA:26,2,0,1
BRDA:26,2,1,0
BRDA:34,3,0,1
BRDA:34,3,1,0
BRDA:45,4,0,1
BRDA:45,4,1,0
BRF:8
BRH:3
end_of_record
